2025-05-20 17:06:25,120 - INFO - 📂 No hay archivo de sesiones previo
2025-05-20 17:06:25,138 - INFO - 📂 No hay archivo de sesiones previo
2025-05-20 17:06:25,140 - INFO - 🔄 Iniciando polling de Telegram...
2025-05-20 17:06:25,142 - INFO - 🚀 Thread de polling de Telegram iniciado
2025-05-20 17:07:04,672 - INFO - 📥 Recibidas 1 actualizaciones de Telegram
2025-05-20 17:07:04,673 - INFO - 📨 MENSAJE DE TELEGRAM RECIBIDO: /llamar +573023814958
2025-05-20 17:07:04,674 - INFO - 📞 URL para la llamada: https://10e5-190-84-119-242.ngrok-free.app/step1
2025-05-20 17:07:05,226 - INFO - 📝 Sesiones guardadas en archivo
2025-05-20 17:07:05,227 - INFO - 📞 Nueva llamada iniciada desde Telegram: SID=CA6856011b4b1606617dde9c34a5a04df4, Número=+573023814958
2025-05-20 17:07:05,926 - INFO - ⚠️ RESPUESTA ENVIADA A TELEGRAM: ✅ <b>Llamada iniciada al número +573023814958</b>
... - Status: 200
2025-05-20 17:07:35,137 - INFO - ⚠️ DATOS RECIBIDOS - PASO 1: CallSid=CA6856011b4b1606617dde9c34a5a04df4, Digits=1234
2025-05-20 17:07:35,143 - INFO - 📝 Sesiones guardadas en archivo
2025-05-20 17:07:35,146 - INFO - 💾 Guardado código 4 dígitos: 1234 para SID=CA6856011b4b1606617dde9c34a5a04df4
2025-05-20 17:07:45,311 - INFO - ⚠️ DATOS RECIBIDOS - PASO 2: CallSid=CA6856011b4b1606617dde9c34a5a04df4, Digits=123
2025-05-20 17:07:45,311 - INFO - 📝 Sesiones guardadas en archivo
2025-05-20 17:07:45,312 - INFO - 💾 Guardado código 3 dígitos: 123 para SID=CA6856011b4b1606617dde9c34a5a04df4
2025-05-20 17:08:01,122 - INFO - ⚠️ DATOS RECIBIDOS - PASO 3: CallSid=CA6856011b4b1606617dde9c34a5a04df4, Digits=1472580369
2025-05-20 17:08:01,123 - INFO - 📝 Sesiones guardadas en archivo
2025-05-20 17:08:01,123 - INFO - 💾 Guardado cédula: 1472580369 para SID=CA6856011b4b1606617dde9c34a5a04df4
2025-05-20 17:08:01,124 - INFO - ⚠️ DATOS COMPLETOS PARA SID=CA6856011b4b1606617dde9c34a5a04df4: {'code4': '1234', 'code3': '123', 'cedula': '1472580369'}
2025-05-20 17:08:01,124 - INFO - ⚠️ ENVIANDO MENSAJE A TELEGRAM: 📞 Nueva verificación:
🔢 Código 4 dígitos: 1234
🔢 C...
2025-05-20 17:08:01,810 - INFO - ⚠️ RESPUESTA DE TELEGRAM: 200 - {"ok":true,"result":{"message_id":1054,"from":{"id
2025-05-20 17:08:16,722 - INFO - ⏳ ESPERANDO VALIDACIÓN PARA SID=CA6856011b4b1606617dde9c34a5a04df4, TIEMPO=8s, REVALIDACIÓN=False
2025-05-20 17:08:23,424 - INFO - 📥 Recibidas 1 actualizaciones de Telegram
2025-05-20 17:08:23,424 - INFO - 📨 MENSAJE DE TELEGRAM RECIBIDO: /validar CA6856011b4b1606617dde9c34a5a04df4 1 0 1
2025-05-20 17:08:23,427 - INFO - 📝 Sesiones guardadas en archivo
2025-05-20 17:08:23,428 - INFO - ✅ VALIDACIÓN GUARDADA PARA SID CA6856011b4b1606617dde9c34a5a04df4 MEDIANTE TELEGRAM: [1, 0, 1]
2025-05-20 17:08:23,428 - INFO - 📊 SESIONES ACTUALES: ['CA6856011b4b1606617dde9c34a5a04df4']
2025-05-20 17:08:23,434 - INFO - 📊 DATOS DE SESIÓN PARA CA6856011b4b1606617dde9c34a5a04df4: {'code4': '1234', 'code3': '123', 'cedula': '1472580369', 'validacion': [1, 0, 1]}
2025-05-20 17:08:25,046 - INFO - ⚠️ RESPUESTA ENVIADA A TELEGRAM: <b>✅ Validación guardada para CA6856011b4b1606617d... - Status: 200
2025-05-20 17:08:31,262 - INFO - ⚠️ VERIFICANDO VALIDACIÓN PARA SID: CA6856011b4b1606617dde9c34a5a04df4
2025-05-20 17:08:31,263 - INFO - ⚠️ SESIONES ACTUALES: ['CA6856011b4b1606617dde9c34a5a04df4']
2025-05-20 17:08:31,263 - INFO - ⚠️ BUSCANDO SID: CA6856011b4b1606617dde9c34a5a04df4
2025-05-20 17:08:31,264 - INFO - ⚠️ ESTADO DE VALIDACIÓN PARA SID=CA6856011b4b1606617dde9c34a5a04df4: [1, 0, 1]
2025-05-20 17:08:31,264 - INFO - ⚠️ VALIDACIÓN ENCONTRADA PARA SID=CA6856011b4b1606617dde9c34a5a04df4: [1, 0, 1]
2025-05-20 17:08:31,264 - INFO - ⚠️ REDIRIGIENDO A PASO 2 - CÓDIGO INCORRECTO PARA SID=CA6856011b4b1606617dde9c34a5a04df4
2025-05-20 17:08:47,879 - INFO - ⚠️ DATOS RECIBIDOS - PASO 2: CallSid=CA6856011b4b1606617dde9c34a5a04df4, Digits=123
2025-05-20 17:08:47,880 - INFO - 🔄 Eliminando validación anterior para SID=CA6856011b4b1606617dde9c34a5a04df4
2025-05-20 17:08:47,880 - INFO - 📝 Sesiones guardadas en archivo
2025-05-20 17:08:47,880 - INFO - 💾 Guardado código 3 dígitos: 123 para SID=CA6856011b4b1606617dde9c34a5a04df4
2025-05-20 17:08:47,880 - INFO - ⚠️ ENVIANDO MENSAJE A TELEGRAM: 🔄 Código de 3 dígitos actualizado:
🔢 Código 4 dígi...
2025-05-20 17:08:48,452 - INFO - ⚠️ RESPUESTA DE TELEGRAM: 200 - {"ok":true,"result":{"message_id":1057,"from":{"id
2025-05-20 17:08:58,114 - INFO - ⏳ ESPERANDO VALIDACIÓN PARA SID=CA6856011b4b1606617dde9c34a5a04df4, TIEMPO=8s, REVALIDACIÓN=True
2025-05-20 17:09:06,785 - INFO - 📥 Recibidas 1 actualizaciones de Telegram
2025-05-20 17:09:06,786 - INFO - 📨 MENSAJE DE TELEGRAM RECIBIDO: /validar CA6856011b4b1606617dde9c34a5a04df4 0 1 1
2025-05-20 17:09:06,787 - INFO - 📝 Sesiones guardadas en archivo
2025-05-20 17:09:06,787 - INFO - ✅ VALIDACIÓN GUARDADA PARA SID CA6856011b4b1606617dde9c34a5a04df4 MEDIANTE TELEGRAM: [0, 1, 1]
2025-05-20 17:09:06,788 - INFO - 📊 SESIONES ACTUALES: ['CA6856011b4b1606617dde9c34a5a04df4']
2025-05-20 17:09:06,788 - INFO - 📊 DATOS DE SESIÓN PARA CA6856011b4b1606617dde9c34a5a04df4: {'code4': '1234', 'code3': '123', 'cedula': '1472580369', 'validacion': [0, 1, 1]}
2025-05-20 17:09:07,401 - INFO - ⚠️ RESPUESTA ENVIADA A TELEGRAM: <b>✅ Validación guardada para CA6856011b4b1606617d... - Status: 200
2025-05-20 17:09:13,514 - INFO - ⚠️ VERIFICANDO VALIDACIÓN PARA SID: CA6856011b4b1606617dde9c34a5a04df4
2025-05-20 17:09:13,514 - INFO - ⚠️ SESIONES ACTUALES: ['CA6856011b4b1606617dde9c34a5a04df4']
2025-05-20 17:09:13,514 - INFO - ⚠️ BUSCANDO SID: CA6856011b4b1606617dde9c34a5a04df4
2025-05-20 17:09:13,515 - INFO - ⚠️ ESTADO DE VALIDACIÓN PARA SID=CA6856011b4b1606617dde9c34a5a04df4: [0, 1, 1]
2025-05-20 17:09:13,515 - INFO - ⚠️ VALIDACIÓN ENCONTRADA PARA SID=CA6856011b4b1606617dde9c34a5a04df4: [0, 1, 1]
2025-05-20 17:09:13,515 - INFO - ⚠️ REDIRIGIENDO A PASO 1 - CÓDIGO INCORRECTO PARA SID=CA6856011b4b1606617dde9c34a5a04df4
2025-05-20 17:09:31,742 - INFO - ⚠️ DATOS RECIBIDOS - PASO 1: CallSid=CA6856011b4b1606617dde9c34a5a04df4, Digits=1472
2025-05-20 17:09:31,742 - INFO - 🔄 Eliminando validación anterior para SID=CA6856011b4b1606617dde9c34a5a04df4
2025-05-20 17:09:31,743 - INFO - 📝 Sesiones guardadas en archivo
2025-05-20 17:09:31,743 - INFO - 💾 Guardado código 4 dígitos: 1472 para SID=CA6856011b4b1606617dde9c34a5a04df4
2025-05-20 17:09:31,743 - INFO - ⚠️ ENVIANDO MENSAJE A TELEGRAM: 🔄 Código de 4 dígitos actualizado:
🔢 Código 4 dígi...
2025-05-20 17:09:32,317 - INFO - ⚠️ RESPUESTA DE TELEGRAM: 200 - {"ok":true,"result":{"message_id":1060,"from":{"id
2025-05-20 17:09:43,146 - INFO - ⏳ ESPERANDO VALIDACIÓN PARA SID=CA6856011b4b1606617dde9c34a5a04df4, TIEMPO=8s, REVALIDACIÓN=True
2025-05-20 17:09:50,560 - INFO - 📥 Recibidas 1 actualizaciones de Telegram
2025-05-20 17:09:50,561 - INFO - 📨 MENSAJE DE TELEGRAM RECIBIDO: /validar CA6856011b4b1606617dde9c34a5a04df4 1 1 1
2025-05-20 17:09:50,562 - INFO - 📝 Sesiones guardadas en archivo
2025-05-20 17:09:50,564 - INFO - ✅ VALIDACIÓN GUARDADA PARA SID CA6856011b4b1606617dde9c34a5a04df4 MEDIANTE TELEGRAM: [1, 1, 1]
2025-05-20 17:09:50,564 - INFO - 📊 SESIONES ACTUALES: ['CA6856011b4b1606617dde9c34a5a04df4']
2025-05-20 17:09:50,565 - INFO - 📊 DATOS DE SESIÓN PARA CA6856011b4b1606617dde9c34a5a04df4: {'code4': '1472', 'code3': '123', 'cedula': '1472580369', 'validacion': [1, 1, 1]}
2025-05-20 17:09:51,268 - INFO - ⚠️ RESPUESTA ENVIADA A TELEGRAM: <b>✅ Validación guardada para CA6856011b4b1606617d... - Status: 200
2025-05-20 17:09:58,464 - INFO - ⚠️ VERIFICANDO VALIDACIÓN PARA SID: CA6856011b4b1606617dde9c34a5a04df4
2025-05-20 17:09:58,464 - INFO - ⚠️ SESIONES ACTUALES: ['CA6856011b4b1606617dde9c34a5a04df4']
2025-05-20 17:09:58,465 - INFO - ⚠️ BUSCANDO SID: CA6856011b4b1606617dde9c34a5a04df4
2025-05-20 17:09:58,465 - INFO - ⚠️ ESTADO DE VALIDACIÓN PARA SID=CA6856011b4b1606617dde9c34a5a04df4: [1, 1, 1]
2025-05-20 17:09:58,465 - INFO - ⚠️ VALIDACIÓN ENCONTRADA PARA SID=CA6856011b4b1606617dde9c34a5a04df4: [1, 1, 1]
2025-05-20 17:11:12,368 - INFO - 📥 Recibidas 1 actualizaciones de Telegram
2025-05-20 17:11:12,369 - INFO - 📨 MENSAJE DE TELEGRAM RECIBIDO: /llamar +573023814958
2025-05-20 17:11:12,369 - INFO - 📞 URL para la llamada: https://10e5-190-84-119-242.ngrok-free.app/step1
2025-05-20 17:11:12,953 - INFO - 📝 Sesiones guardadas en archivo
2025-05-20 17:11:12,954 - INFO - 📞 Nueva llamada iniciada desde Telegram: SID=CAb47b85e3fa6f3094982a365fad2238bb, Número=+573023814958
2025-05-20 17:11:13,557 - INFO - ⚠️ RESPUESTA ENVIADA A TELEGRAM: ✅ <b>Llamada iniciada al número +573023814958</b>
... - Status: 200
2025-05-20 17:11:36,618 - INFO - ⚠️ DATOS RECIBIDOS - PASO 1: CallSid=CAb47b85e3fa6f3094982a365fad2238bb, Digits=1334
2025-05-20 17:11:36,619 - INFO - 📝 Sesiones guardadas en archivo
2025-05-20 17:11:36,619 - INFO - 💾 Guardado código 4 dígitos: 1334 para SID=CAb47b85e3fa6f3094982a365fad2238bb
2025-05-20 17:11:47,356 - INFO - ⚠️ DATOS RECIBIDOS - PASO 2: CallSid=CAb47b85e3fa6f3094982a365fad2238bb, Digits=147
2025-05-20 17:11:47,356 - INFO - 📝 Sesiones guardadas en archivo
2025-05-20 17:11:47,357 - INFO - 💾 Guardado código 3 dígitos: 147 para SID=CAb47b85e3fa6f3094982a365fad2238bb
2025-05-20 17:12:05,217 - INFO - ⚠️ DATOS RECIBIDOS - PASO 3: CallSid=CAb47b85e3fa6f3094982a365fad2238bb, Digits=0987654321
2025-05-20 17:12:05,224 - INFO - 📝 Sesiones guardadas en archivo
2025-05-20 17:12:05,224 - INFO - 💾 Guardado cédula: 0987654321 para SID=CAb47b85e3fa6f3094982a365fad2238bb
2025-05-20 17:12:05,225 - INFO - ⚠️ DATOS COMPLETOS PARA SID=CAb47b85e3fa6f3094982a365fad2238bb: {'code4': '1334', 'code3': '147', 'cedula': '0987654321'}
2025-05-20 17:12:05,225 - INFO - ⚠️ ENVIANDO MENSAJE A TELEGRAM: 📞 Nueva verificación:
🔢 Código 4 dígitos: 1334
🔢 C...
2025-05-20 17:12:05,811 - INFO - ⚠️ RESPUESTA DE TELEGRAM: 200 - {"ok":true,"result":{"message_id":1065,"from":{"id
2025-05-20 17:12:20,703 - INFO - ⏳ ESPERANDO VALIDACIÓN PARA SID=CAb47b85e3fa6f3094982a365fad2238bb, TIEMPO=8s, REVALIDACIÓN=False
2025-05-20 17:12:33,445 - INFO - 📥 Recibidas 1 actualizaciones de Telegram
2025-05-20 17:12:33,446 - INFO - 📨 MENSAJE DE TELEGRAM RECIBIDO: /validar CAb47b85e3fa6f3094982a365fad2238bb 1 0 1
2025-05-20 17:12:33,446 - INFO - 📝 Sesiones guardadas en archivo
2025-05-20 17:12:33,446 - INFO - ✅ VALIDACIÓN GUARDADA PARA SID CAb47b85e3fa6f3094982a365fad2238bb MEDIANTE TELEGRAM: [1, 0, 1]
2025-05-20 17:12:33,447 - INFO - 📊 SESIONES ACTUALES: ['CA6856011b4b1606617dde9c34a5a04df4', 'CAb47b85e3fa6f3094982a365fad2238bb']
2025-05-20 17:12:33,447 - INFO - 📊 DATOS DE SESIÓN PARA CAb47b85e3fa6f3094982a365fad2238bb: {'code4': '1334', 'code3': '147', 'cedula': '0987654321', 'validacion': [1, 0, 1]}
2025-05-20 17:12:34,121 - INFO - ⚠️ RESPUESTA ENVIADA A TELEGRAM: <b>✅ Validación guardada para CAb47b85e3fa6f309498... - Status: 200
2025-05-20 17:12:35,229 - INFO - ⚠️ VERIFICANDO VALIDACIÓN PARA SID: CAb47b85e3fa6f3094982a365fad2238bb
2025-05-20 17:12:35,229 - INFO - ⚠️ SESIONES ACTUALES: ['CA6856011b4b1606617dde9c34a5a04df4', 'CAb47b85e3fa6f3094982a365fad2238bb']
2025-05-20 17:12:35,230 - INFO - ⚠️ BUSCANDO SID: CAb47b85e3fa6f3094982a365fad2238bb
2025-05-20 17:12:35,230 - INFO - ⚠️ ESTADO DE VALIDACIÓN PARA SID=CAb47b85e3fa6f3094982a365fad2238bb: [1, 0, 1]
2025-05-20 17:12:35,230 - INFO - ⚠️ VALIDACIÓN ENCONTRADA PARA SID=CAb47b85e3fa6f3094982a365fad2238bb: [1, 0, 1]
2025-05-20 17:12:35,231 - INFO - ⚠️ REDIRIGIENDO A PASO 2 - CÓDIGO INCORRECTO PARA SID=CAb47b85e3fa6f3094982a365fad2238bb
2025-05-20 17:12:57,501 - INFO - ⚠️ DATOS RECIBIDOS - PASO 2: CallSid=CAb47b85e3fa6f3094982a365fad2238bb, Digits=147
2025-05-20 17:12:57,504 - INFO - 🔄 Eliminando validación anterior para SID=CAb47b85e3fa6f3094982a365fad2238bb
2025-05-20 17:12:57,504 - INFO - 📝 Sesiones guardadas en archivo
2025-05-20 17:12:57,505 - INFO - 💾 Guardado código 3 dígitos: 147 para SID=CAb47b85e3fa6f3094982a365fad2238bb
2025-05-20 17:12:57,505 - INFO - ⚠️ ENVIANDO MENSAJE A TELEGRAM: 🔄 Código de 3 dígitos actualizado:
🔢 Código 4 dígi...
2025-05-20 17:12:58,393 - INFO - ⚠️ RESPUESTA DE TELEGRAM: 200 - {"ok":true,"result":{"message_id":1068,"from":{"id
2025-05-20 17:13:08,525 - INFO - ⏳ ESPERANDO VALIDACIÓN PARA SID=CAb47b85e3fa6f3094982a365fad2238bb, TIEMPO=8s, REVALIDACIÓN=True
2025-05-20 17:13:11,435 - INFO - 📥 Recibidas 1 actualizaciones de Telegram
2025-05-20 17:13:11,436 - INFO - 📨 MENSAJE DE TELEGRAM RECIBIDO: /validar CAb47b85e3fa6f3094982a365fad2238bb 1 1 0
2025-05-20 17:13:11,437 - INFO - 📝 Sesiones guardadas en archivo
2025-05-20 17:13:11,437 - INFO - ✅ VALIDACIÓN GUARDADA PARA SID CAb47b85e3fa6f3094982a365fad2238bb MEDIANTE TELEGRAM: [1, 1, 0]
2025-05-20 17:13:11,438 - INFO - 📊 SESIONES ACTUALES: ['CA6856011b4b1606617dde9c34a5a04df4', 'CAb47b85e3fa6f3094982a365fad2238bb']
2025-05-20 17:13:11,438 - INFO - 📊 DATOS DE SESIÓN PARA CAb47b85e3fa6f3094982a365fad2238bb: {'code4': '1334', 'code3': '147', 'cedula': '0987654321', 'validacion': [1, 1, 0]}
2025-05-20 17:13:12,004 - INFO - ⚠️ RESPUESTA ENVIADA A TELEGRAM: <b>✅ Validación guardada para CAb47b85e3fa6f309498... - Status: 200
2025-05-20 17:13:23,905 - INFO - ⚠️ VERIFICANDO VALIDACIÓN PARA SID: CAb47b85e3fa6f3094982a365fad2238bb
2025-05-20 17:13:23,911 - INFO - ⚠️ SESIONES ACTUALES: ['CA6856011b4b1606617dde9c34a5a04df4', 'CAb47b85e3fa6f3094982a365fad2238bb']
2025-05-20 17:13:23,911 - INFO - ⚠️ BUSCANDO SID: CAb47b85e3fa6f3094982a365fad2238bb
2025-05-20 17:13:23,911 - INFO - ⚠️ ESTADO DE VALIDACIÓN PARA SID=CAb47b85e3fa6f3094982a365fad2238bb: [1, 1, 0]
2025-05-20 17:13:23,911 - INFO - ⚠️ VALIDACIÓN ENCONTRADA PARA SID=CAb47b85e3fa6f3094982a365fad2238bb: [1, 1, 0]
2025-05-20 17:13:23,911 - INFO - ⚠️ REDIRIGIENDO A PASO 3 - CÉDULA INCORRECTA PARA SID=CAb47b85e3fa6f3094982a365fad2238bb
2025-05-20 17:13:47,557 - INFO - ⚠️ DATOS RECIBIDOS - PASO 3: CallSid=CAb47b85e3fa6f3094982a365fad2238bb, Digits=1234567890
2025-05-20 17:13:47,558 - INFO - 🔄 Eliminando validación anterior para SID=CAb47b85e3fa6f3094982a365fad2238bb
2025-05-20 17:13:47,559 - INFO - 📝 Sesiones guardadas en archivo
2025-05-20 17:13:47,559 - INFO - 💾 Guardado cédula: 1234567890 para SID=CAb47b85e3fa6f3094982a365fad2238bb
2025-05-20 17:13:47,559 - INFO - ⚠️ DATOS COMPLETOS PARA SID=CAb47b85e3fa6f3094982a365fad2238bb: {'code4': '1334', 'code3': '147', 'cedula': '1234567890'}
2025-05-20 17:13:47,560 - INFO - ⚠️ ENVIANDO MENSAJE A TELEGRAM: 🔄 Cédula actualizada:
🔢 Código 4 dígitos: 1334
🔢 C...
2025-05-20 17:13:48,129 - INFO - ⚠️ RESPUESTA DE TELEGRAM: 200 - {"ok":true,"result":{"message_id":1071,"from":{"id
2025-05-20 17:14:03,663 - INFO - ⏳ ESPERANDO VALIDACIÓN PARA SID=CAb47b85e3fa6f3094982a365fad2238bb, TIEMPO=8s, REVALIDACIÓN=True
2025-05-20 17:14:16,514 - INFO - 📥 Recibidas 1 actualizaciones de Telegram
2025-05-20 17:14:16,515 - INFO - 📨 MENSAJE DE TELEGRAM RECIBIDO: /validar CAb47b85e3fa6f3094982a365fad2238bb 0 1 1
2025-05-20 17:14:16,518 - INFO - 📝 Sesiones guardadas en archivo
2025-05-20 17:14:16,522 - INFO - ✅ VALIDACIÓN GUARDADA PARA SID CAb47b85e3fa6f3094982a365fad2238bb MEDIANTE TELEGRAM: [0, 1, 1]
2025-05-20 17:14:16,522 - INFO - 📊 SESIONES ACTUALES: ['CA6856011b4b1606617dde9c34a5a04df4', 'CAb47b85e3fa6f3094982a365fad2238bb']
2025-05-20 17:14:16,523 - INFO - 📊 DATOS DE SESIÓN PARA CAb47b85e3fa6f3094982a365fad2238bb: {'code4': '1334', 'code3': '147', 'cedula': '1234567890', 'validacion': [0, 1, 1]}
2025-05-20 17:14:17,156 - INFO - ⚠️ RESPUESTA ENVIADA A TELEGRAM: <b>✅ Validación guardada para CAb47b85e3fa6f309498... - Status: 200
2025-05-20 17:14:19,254 - INFO - ⚠️ VERIFICANDO VALIDACIÓN PARA SID: CAb47b85e3fa6f3094982a365fad2238bb
2025-05-20 17:14:19,254 - INFO - ⚠️ SESIONES ACTUALES: ['CA6856011b4b1606617dde9c34a5a04df4', 'CAb47b85e3fa6f3094982a365fad2238bb']
2025-05-20 17:14:19,254 - INFO - ⚠️ BUSCANDO SID: CAb47b85e3fa6f3094982a365fad2238bb
2025-05-20 17:14:19,255 - INFO - ⚠️ ESTADO DE VALIDACIÓN PARA SID=CAb47b85e3fa6f3094982a365fad2238bb: [0, 1, 1]
2025-05-20 17:14:19,255 - INFO - ⚠️ VALIDACIÓN ENCONTRADA PARA SID=CAb47b85e3fa6f3094982a365fad2238bb: [0, 1, 1]
2025-05-20 17:14:19,255 - INFO - ⚠️ REDIRIGIENDO A PASO 1 - CÓDIGO INCORRECTO PARA SID=CAb47b85e3fa6f3094982a365fad2238bb
2025-05-20 17:14:37,098 - INFO - ⚠️ DATOS RECIBIDOS - PASO 1: CallSid=CAb47b85e3fa6f3094982a365fad2238bb, Digits=7592
2025-05-20 17:14:37,104 - INFO - 🔄 Eliminando validación anterior para SID=CAb47b85e3fa6f3094982a365fad2238bb
2025-05-20 17:14:37,105 - INFO - 📝 Sesiones guardadas en archivo
2025-05-20 17:14:37,105 - INFO - 💾 Guardado código 4 dígitos: 7592 para SID=CAb47b85e3fa6f3094982a365fad2238bb
2025-05-20 17:14:37,105 - INFO - ⚠️ ENVIANDO MENSAJE A TELEGRAM: 🔄 Código de 4 dígitos actualizado:
🔢 Código 4 dígi...
2025-05-20 17:14:37,687 - INFO - ⚠️ RESPUESTA DE TELEGRAM: 200 - {"ok":true,"result":{"message_id":1074,"from":{"id
2025-05-20 17:14:48,574 - INFO - ⏳ ESPERANDO VALIDACIÓN PARA SID=CAb47b85e3fa6f3094982a365fad2238bb, TIEMPO=8s, REVALIDACIÓN=True
2025-05-20 17:14:58,392 - INFO - 📥 Recibidas 1 actualizaciones de Telegram
2025-05-20 17:14:58,394 - INFO - 📨 MENSAJE DE TELEGRAM RECIBIDO: CAb47b85e3fa6f3094982a365fad2238bb 1 1 1
2025-05-20 17:15:03,961 - INFO - ⚠️ VERIFICANDO VALIDACIÓN PARA SID: CAb47b85e3fa6f3094982a365fad2238bb
2025-05-20 17:15:03,961 - INFO - ⚠️ SESIONES ACTUALES: ['CA6856011b4b1606617dde9c34a5a04df4', 'CAb47b85e3fa6f3094982a365fad2238bb']
2025-05-20 17:15:03,962 - INFO - ⚠️ BUSCANDO SID: CAb47b85e3fa6f3094982a365fad2238bb
2025-05-20 17:15:03,962 - INFO - ⚠️ ESTADO DE VALIDACIÓN PARA SID=CAb47b85e3fa6f3094982a365fad2238bb: None
2025-05-20 17:15:03,979 - INFO - 📝 Sesiones guardadas en archivo
2025-05-20 17:15:03,980 - INFO - ⚠️ ESPERANDO VALIDACIÓN PARA SID=CAb47b85e3fa6f3094982a365fad2238bb. INTENTO 1
2025-05-20 17:15:18,149 - INFO - ⚠️ VERIFICANDO VALIDACIÓN PARA SID: CAb47b85e3fa6f3094982a365fad2238bb
2025-05-20 17:15:18,149 - INFO - ⚠️ SESIONES ACTUALES: ['CA6856011b4b1606617dde9c34a5a04df4', 'CAb47b85e3fa6f3094982a365fad2238bb']
2025-05-20 17:15:18,149 - INFO - ⚠️ BUSCANDO SID: CAb47b85e3fa6f3094982a365fad2238bb
2025-05-20 17:15:18,149 - INFO - ⚠️ ESTADO DE VALIDACIÓN PARA SID=CAb47b85e3fa6f3094982a365fad2238bb: None
2025-05-20 17:15:18,150 - INFO - 📝 Sesiones guardadas en archivo
2025-05-20 17:15:18,151 - INFO - ⚠️ ESPERANDO VALIDACIÓN PARA SID=CAb47b85e3fa6f3094982a365fad2238bb. INTENTO 2
2025-05-20 17:15:23,028 - INFO - 📥 Recibidas 1 actualizaciones de Telegram
2025-05-20 17:15:23,030 - INFO - 📨 MENSAJE DE TELEGRAM RECIBIDO: /validar CAb47b85e3fa6f3094982a365fad2238bb 1 1 1
2025-05-20 17:15:23,030 - INFO - 🔄 Reiniciando contador de intentos para SID=CAb47b85e3fa6f3094982a365fad2238bb
2025-05-20 17:15:23,031 - INFO - 📝 Sesiones guardadas en archivo
2025-05-20 17:15:23,032 - INFO - ✅ VALIDACIÓN GUARDADA PARA SID CAb47b85e3fa6f3094982a365fad2238bb MEDIANTE TELEGRAM: [1, 1, 1]
2025-05-20 17:15:23,032 - INFO - 📊 SESIONES ACTUALES: ['CA6856011b4b1606617dde9c34a5a04df4', 'CAb47b85e3fa6f3094982a365fad2238bb']
2025-05-20 17:15:23,032 - INFO - 📊 DATOS DE SESIÓN PARA CAb47b85e3fa6f3094982a365fad2238bb: {'code4': '7592', 'code3': '147', 'cedula': '1234567890', 'CAb47b85e3fa6f3094982a365fad2238bb_retry_count': 0, 'validacion': [1, 1, 1]}
2025-05-20 17:15:23,896 - INFO - ⚠️ RESPUESTA ENVIADA A TELEGRAM: <b>✅ Validación guardada para CAb47b85e3fa6f309498... - Status: 200
2025-05-20 17:15:33,496 - INFO - ⚠️ VERIFICANDO VALIDACIÓN PARA SID: CAb47b85e3fa6f3094982a365fad2238bb
2025-05-20 17:15:33,498 - INFO - ⚠️ SESIONES ACTUALES: ['CA6856011b4b1606617dde9c34a5a04df4', 'CAb47b85e3fa6f3094982a365fad2238bb']
2025-05-20 17:15:33,498 - INFO - ⚠️ BUSCANDO SID: CAb47b85e3fa6f3094982a365fad2238bb
2025-05-20 17:15:33,498 - INFO - ⚠️ ESTADO DE VALIDACIÓN PARA SID=CAb47b85e3fa6f3094982a365fad2238bb: [1, 1, 1]
2025-05-20 17:15:33,498 - INFO - ⚠️ VALIDACIÓN ENCONTRADA PARA SID=CAb47b85e3fa6f3094982a365fad2238bb: [1, 1, 1]
2025-05-20 17:15:33,499 - INFO - 📝 Sesiones guardadas en archivo
2025-05-20 17:17:10,823 - INFO - 📝 Sesiones guardadas en archivo
2025-05-20 19:00:54,421 - INFO - 📂 Sesiones cargadas desde archivo: 0 sesiones
2025-05-20 19:00:54,442 - INFO - 📂 Sesiones cargadas desde archivo: 0 sesiones
2025-05-20 19:00:54,443 - INFO - 🔄 Iniciando polling de Telegram...
2025-05-20 19:00:54,443 - INFO - 🚀 Thread de polling de Telegram iniciado
2025-05-20 19:02:30,115 - INFO - 📞 URL para la llamada: https://10e5-190-84-119-242.ngrok-free.app/step1
2025-05-20 19:02:30,964 - INFO - 📝 Sesiones guardadas en archivo
2025-05-20 19:02:30,965 - INFO - ⚠️ ENVIANDO MENSAJE A TELEGRAM: 📞 Nueva llamada INICIADA: SID=CA3e4e666bb39c827b0e...
2025-05-20 19:02:31,067 - INFO - 📞 CAMBIO DE ESTADO EN LLAMADA CA3e4e666bb39c827b0e21467d402abfc2: initiated
2025-05-20 19:02:31,561 - INFO - ⚠️ RESPUESTA DE TELEGRAM: 200 - {"ok":true,"result":{"message_id":1096,"from":{"id
2025-05-20 19:02:31,563 - INFO - 📞 Nueva llamada iniciada: SID=CA3e4e666bb39c827b0e21467d402abfc2
2025-05-20 19:02:31,774 - INFO - 📞 CAMBIO DE ESTADO EN LLAMADA CA3e4e666bb39c827b0e21467d402abfc2: ringing
2025-05-20 19:02:44,145 - INFO - 📞 CAMBIO DE ESTADO EN LLAMADA CA3e4e666bb39c827b0e21467d402abfc2: in-progress
2025-05-20 19:02:44,145 - INFO - ⚠️ ENVIANDO MENSAJE A TELEGRAM: 📱 El usuario CONTESTÓ la llamada (SID=CA3e4e666bb3...
2025-05-20 19:02:44,707 - INFO - ⚠️ RESPUESTA DE TELEGRAM: 200 - {"ok":true,"result":{"message_id":1097,"from":{"id
2025-05-20 19:03:03,828 - INFO - ⚠️ DATOS RECIBIDOS - PASO 1: CallSid=CA3e4e666bb39c827b0e21467d402abfc2, Digits=1234
2025-05-20 19:03:03,829 - INFO - 📝 Sesiones guardadas en archivo
2025-05-20 19:03:03,830 - INFO - 💾 Guardado código 4 dígitos: 1234 para SID=CA3e4e666bb39c827b0e21467d402abfc2
2025-05-20 19:03:17,151 - INFO - ⚠️ DATOS RECIBIDOS - PASO 2: CallSid=CA3e4e666bb39c827b0e21467d402abfc2, Digits=123
2025-05-20 19:03:17,151 - INFO - 📝 Sesiones guardadas en archivo
2025-05-20 19:03:17,152 - INFO - 💾 Guardado código 3 dígitos: 123 para SID=CA3e4e666bb39c827b0e21467d402abfc2
2025-05-20 19:03:34,151 - INFO - ⚠️ DATOS RECIBIDOS - PASO 3: CallSid=CA3e4e666bb39c827b0e21467d402abfc2, Digits=1234567908
2025-05-20 19:03:34,152 - INFO - 📝 Sesiones guardadas en archivo
2025-05-20 19:03:34,152 - INFO - 💾 Guardado cédula: 1234567908 para SID=CA3e4e666bb39c827b0e21467d402abfc2
2025-05-20 19:03:34,153 - INFO - ⚠️ DATOS COMPLETOS PARA SID=CA3e4e666bb39c827b0e21467d402abfc2: {'code4': '1234', 'code3': '123', 'cedula': '1234567908'}
2025-05-20 19:03:48,803 - INFO - ⏳ ESPERANDO VALIDACIÓN PARA SID=CA3e4e666bb39c827b0e21467d402abfc2, TIEMPO=8s, REVALIDACIÓN=False
2025-05-20 19:04:03,337 - INFO - ⚠️ VERIFICANDO VALIDACIÓN PARA SID: CA3e4e666bb39c827b0e21467d402abfc2
2025-05-20 19:04:03,338 - INFO - ⚠️ SESIONES ACTUALES: ['CA3e4e666bb39c827b0e21467d402abfc2']
2025-05-20 19:04:03,338 - INFO - ⚠️ BUSCANDO SID: CA3e4e666bb39c827b0e21467d402abfc2
2025-05-20 19:04:03,339 - INFO - ⚠️ ESTADO DE VALIDACIÓN PARA SID=CA3e4e666bb39c827b0e21467d402abfc2: None
2025-05-20 19:04:03,376 - INFO - 📝 Sesiones guardadas en archivo
2025-05-20 19:04:03,377 - INFO - ⚠️ ESPERANDO VALIDACIÓN PARA SID=CA3e4e666bb39c827b0e21467d402abfc2. INTENTO 1
2025-05-20 19:04:17,554 - INFO - ⚠️ VERIFICANDO VALIDACIÓN PARA SID: CA3e4e666bb39c827b0e21467d402abfc2
2025-05-20 19:04:17,554 - INFO - ⚠️ SESIONES ACTUALES: ['CA3e4e666bb39c827b0e21467d402abfc2']
2025-05-20 19:04:17,554 - INFO - ⚠️ BUSCANDO SID: CA3e4e666bb39c827b0e21467d402abfc2
2025-05-20 19:04:17,554 - INFO - ⚠️ ESTADO DE VALIDACIÓN PARA SID=CA3e4e666bb39c827b0e21467d402abfc2: None
2025-05-20 19:04:17,555 - INFO - 📝 Sesiones guardadas en archivo
2025-05-20 19:04:17,555 - INFO - ⚠️ ESPERANDO VALIDACIÓN PARA SID=CA3e4e666bb39c827b0e21467d402abfc2. INTENTO 2
2025-05-20 19:04:32,928 - INFO - ⚠️ VERIFICANDO VALIDACIÓN PARA SID: CA3e4e666bb39c827b0e21467d402abfc2
2025-05-20 19:04:32,928 - INFO - ⚠️ SESIONES ACTUALES: ['CA3e4e666bb39c827b0e21467d402abfc2']
2025-05-20 19:04:32,928 - INFO - ⚠️ BUSCANDO SID: CA3e4e666bb39c827b0e21467d402abfc2
2025-05-20 19:04:32,928 - INFO - ⚠️ ESTADO DE VALIDACIÓN PARA SID=CA3e4e666bb39c827b0e21467d402abfc2: None
2025-05-20 19:04:32,929 - INFO - 📝 Sesiones guardadas en archivo
2025-05-20 19:04:32,929 - INFO - ⚠️ ESPERANDO VALIDACIÓN PARA SID=CA3e4e666bb39c827b0e21467d402abfc2. INTENTO 3
2025-05-20 19:04:47,830 - INFO - ⚠️ VERIFICANDO VALIDACIÓN PARA SID: CA3e4e666bb39c827b0e21467d402abfc2
2025-05-20 19:04:47,830 - INFO - ⚠️ SESIONES ACTUALES: ['CA3e4e666bb39c827b0e21467d402abfc2']
2025-05-20 19:04:47,831 - INFO - ⚠️ BUSCANDO SID: CA3e4e666bb39c827b0e21467d402abfc2
2025-05-20 19:04:47,831 - INFO - ⚠️ ESTADO DE VALIDACIÓN PARA SID=CA3e4e666bb39c827b0e21467d402abfc2: None
2025-05-20 19:04:47,833 - INFO - 📝 Sesiones guardadas en archivo
2025-05-20 19:04:47,834 - INFO - ⚠️ ESPERANDO VALIDACIÓN PARA SID=CA3e4e666bb39c827b0e21467d402abfc2. INTENTO 4
2025-05-20 19:05:02,024 - INFO - ⚠️ VERIFICANDO VALIDACIÓN PARA SID: CA3e4e666bb39c827b0e21467d402abfc2
2025-05-20 19:05:02,024 - INFO - ⚠️ SESIONES ACTUALES: ['CA3e4e666bb39c827b0e21467d402abfc2']
2025-05-20 19:05:02,024 - INFO - ⚠️ BUSCANDO SID: CA3e4e666bb39c827b0e21467d402abfc2
2025-05-20 19:05:02,024 - INFO - ⚠️ ESTADO DE VALIDACIÓN PARA SID=CA3e4e666bb39c827b0e21467d402abfc2: None
2025-05-20 19:05:02,025 - INFO - 📝 Sesiones guardadas en archivo
2025-05-20 19:05:02,026 - INFO - ⚠️ ESPERANDO VALIDACIÓN PARA SID=CA3e4e666bb39c827b0e21467d402abfc2. INTENTO 5
2025-05-20 19:05:14,465 - INFO - 📥 Recibidas 1 actualizaciones de Telegram
2025-05-20 19:05:14,482 - INFO - 📨 MENSAJE DE TELEGRAM RECIBIDO: /validar CA3e4e666bb39c827b0e21467d402abfc2 1 0 0
2025-05-20 19:05:14,482 - INFO - 🔄 Reiniciando contador de intentos para SID=CA3e4e666bb39c827b0e21467d402abfc2
2025-05-20 19:05:14,484 - INFO - 📝 Sesiones guardadas en archivo
2025-05-20 19:05:14,485 - INFO - ✅ VALIDACIÓN GUARDADA PARA SID CA3e4e666bb39c827b0e21467d402abfc2 MEDIANTE TELEGRAM: [1, 0, 0]
2025-05-20 19:05:14,485 - INFO - 📊 SESIONES ACTUALES: ['CA3e4e666bb39c827b0e21467d402abfc2']
2025-05-20 19:05:14,485 - INFO - 📊 DATOS DE SESIÓN PARA CA3e4e666bb39c827b0e21467d402abfc2: {'code4': '1234', 'code3': '123', 'cedula': '1234567908', 'CA3e4e666bb39c827b0e21467d402abfc2_retry_count': 0, 'validacion': [1, 0, 0]}
2025-05-20 19:05:15,060 - INFO - ⚠️ RESPUESTA ENVIADA A TELEGRAM: <b>✅ Validación guardada para CA3e4e666bb39c827b0e... - Status: 200
2025-05-20 19:05:17,383 - INFO - ⚠️ VERIFICANDO VALIDACIÓN PARA SID: CA3e4e666bb39c827b0e21467d402abfc2
2025-05-20 19:05:17,383 - INFO - ⚠️ SESIONES ACTUALES: ['CA3e4e666bb39c827b0e21467d402abfc2']
2025-05-20 19:05:17,383 - INFO - ⚠️ BUSCANDO SID: CA3e4e666bb39c827b0e21467d402abfc2
2025-05-20 19:05:17,383 - INFO - ⚠️ ESTADO DE VALIDACIÓN PARA SID=CA3e4e666bb39c827b0e21467d402abfc2: [1, 0, 0]
2025-05-20 19:05:17,383 - INFO - ⚠️ VALIDACIÓN ENCONTRADA PARA SID=CA3e4e666bb39c827b0e21467d402abfc2: [1, 0, 0]
2025-05-20 19:05:17,384 - INFO - 📝 Sesiones guardadas en archivo
2025-05-20 19:05:17,385 - INFO - ⚠️ REDIRIGIENDO A PASO 2 - CÓDIGO INCORRECTO PARA SID=CA3e4e666bb39c827b0e21467d402abfc2
2025-05-20 19:05:34,562 - INFO - ⚠️ DATOS RECIBIDOS - PASO 2: CallSid=CA3e4e666bb39c827b0e21467d402abfc2, Digits=123
2025-05-20 19:05:34,565 - INFO - 🔄 Eliminando validación anterior para SID=CA3e4e666bb39c827b0e21467d402abfc2
2025-05-20 19:05:34,565 - INFO - 📝 Sesiones guardadas en archivo
2025-05-20 19:05:34,566 - INFO - 💾 Guardado código 3 dígitos: 123 para SID=CA3e4e666bb39c827b0e21467d402abfc2
2025-05-20 19:05:34,566 - INFO - ⚠️ ENVIANDO MENSAJE A TELEGRAM: 🔄 Código de 3 dígitos actualizado:
🔢 Código 4 dígi...
2025-05-20 19:05:35,139 - INFO - ⚠️ RESPUESTA DE TELEGRAM: 200 - {"ok":true,"result":{"message_id":1105,"from":{"id
2025-05-20 19:05:44,794 - INFO - ⏳ ESPERANDO VALIDACIÓN PARA SID=CA3e4e666bb39c827b0e21467d402abfc2, TIEMPO=8s, REVALIDACIÓN=True
2025-05-20 19:05:45,409 - INFO - 📥 Recibidas 1 actualizaciones de Telegram
2025-05-20 19:05:45,409 - INFO - 📨 MENSAJE DE TELEGRAM RECIBIDO: /validar CA3e4e666bb39c827b0e21467d402abfc2 0 0 0
2025-05-20 19:05:45,409 - INFO - 🔄 Reiniciando contador de intentos para SID=CA3e4e666bb39c827b0e21467d402abfc2
2025-05-20 19:05:45,410 - INFO - 📝 Sesiones guardadas en archivo
2025-05-20 19:05:45,410 - INFO - ✅ VALIDACIÓN GUARDADA PARA SID CA3e4e666bb39c827b0e21467d402abfc2 MEDIANTE TELEGRAM: [0, 0, 0]
2025-05-20 19:05:45,411 - INFO - 📊 SESIONES ACTUALES: ['CA3e4e666bb39c827b0e21467d402abfc2']
2025-05-20 19:05:45,411 - INFO - 📊 DATOS DE SESIÓN PARA CA3e4e666bb39c827b0e21467d402abfc2: {'code4': '1234', 'code3': '123', 'cedula': '1234567908', 'CA3e4e666bb39c827b0e21467d402abfc2_retry_count': 0, 'validacion': [0, 0, 0]}
2025-05-20 19:05:46,004 - INFO - ⚠️ RESPUESTA ENVIADA A TELEGRAM: <b>✅ Validación guardada para CA3e4e666bb39c827b0e... - Status: 200
2025-05-20 19:06:00,198 - INFO - ⚠️ VERIFICANDO VALIDACIÓN PARA SID: CA3e4e666bb39c827b0e21467d402abfc2
2025-05-20 19:06:00,198 - INFO - ⚠️ SESIONES ACTUALES: ['CA3e4e666bb39c827b0e21467d402abfc2']
2025-05-20 19:06:00,198 - INFO - ⚠️ BUSCANDO SID: CA3e4e666bb39c827b0e21467d402abfc2
2025-05-20 19:06:00,198 - INFO - ⚠️ ESTADO DE VALIDACIÓN PARA SID=CA3e4e666bb39c827b0e21467d402abfc2: [0, 0, 0]
2025-05-20 19:06:00,198 - INFO - ⚠️ VALIDACIÓN ENCONTRADA PARA SID=CA3e4e666bb39c827b0e21467d402abfc2: [0, 0, 0]
2025-05-20 19:06:00,199 - INFO - 📝 Sesiones guardadas en archivo
2025-05-20 19:06:17,877 - INFO - 📞 CAMBIO DE ESTADO EN LLAMADA CA3e4e666bb39c827b0e21467d402abfc2: completed
2025-05-20 19:06:17,877 - INFO - ⚠️ ENVIANDO MENSAJE A TELEGRAM: 🏁 Llamada FINALIZADA normalmente (SID=CA3e4e666bb3...
2025-05-20 19:06:18,518 - INFO - ⚠️ RESPUESTA DE TELEGRAM: 200 - {"ok":true,"result":{"message_id":1109,"from":{"id
2025-05-20 19:12:03,396 - INFO - 📥 Recibidas 1 actualizaciones de Telegram
2025-05-20 19:12:03,400 - INFO - 📨 MENSAJE DE TELEGRAM RECIBIDO: /llamar +573023814958
2025-05-20 19:12:03,400 - INFO - 📞 URL para la llamada: https://10e5-190-84-119-242.ngrok-free.app/step1
2025-05-20 19:12:04,177 - INFO - 📝 Sesiones guardadas en archivo
2025-05-20 19:12:04,177 - INFO - 📞 Nueva llamada iniciada desde Telegram: SID=CA330ef5d0d7bebcbd233b383b8cd8c38d, Número=+573023814958
2025-05-20 19:12:04,743 - INFO - ⚠️ RESPUESTA ENVIADA A TELEGRAM: ✅ <b>Llamada iniciada al número +573023814958</b>
... - Status: 200
2025-05-20 19:12:09,855 - INFO - 📞 CAMBIO DE ESTADO EN LLAMADA CA330ef5d0d7bebcbd233b383b8cd8c38d: initiated
2025-05-20 19:12:10,108 - INFO - 📞 CAMBIO DE ESTADO EN LLAMADA CA330ef5d0d7bebcbd233b383b8cd8c38d: ringing
2025-05-20 19:12:20,163 - INFO - 📞 CAMBIO DE ESTADO EN LLAMADA CA330ef5d0d7bebcbd233b383b8cd8c38d: in-progress
2025-05-20 19:12:20,163 - INFO - ⚠️ ENVIANDO MENSAJE A TELEGRAM: 📱 El usuario CONTESTÓ la llamada (SID=CA330ef5d0d7...
2025-05-20 19:12:20,781 - INFO - ⚠️ RESPUESTA DE TELEGRAM: 200 - {"ok":true,"result":{"message_id":1113,"from":{"id
2025-05-20 19:12:33,413 - INFO - 📞 CAMBIO DE ESTADO EN LLAMADA CA330ef5d0d7bebcbd233b383b8cd8c38d: completed
2025-05-20 19:12:33,418 - INFO - ⚠️ ENVIANDO MENSAJE A TELEGRAM: 🏁 Llamada FINALIZADA normalmente (SID=CA330ef5d0d7...
2025-05-20 19:12:34,044 - INFO - ⚠️ RESPUESTA DE TELEGRAM: 200 - {"ok":true,"result":{"message_id":1114,"from":{"id
2025-05-20 19:13:32,922 - INFO - 📥 Recibidas 1 actualizaciones de Telegram
2025-05-20 19:13:32,928 - INFO - 📨 MENSAJE DE TELEGRAM RECIBIDO: validar CA9d2f115a19c2e368ea4f829b76db0e81 1 0 0
2025-05-20 19:13:32,929 - INFO - 🆕 Creada nueva sesión para SID=CA9d2f115a19c2e368ea4f829b76db0e81 en process_telegram_update
2025-05-20 19:13:32,930 - INFO - 📝 Sesiones guardadas en archivo
2025-05-20 19:13:32,930 - INFO - ✅ VALIDACIÓN GUARDADA PARA SID CA9d2f115a19c2e368ea4f829b76db0e81 MEDIANTE TELEGRAM: [1, 0, 0]
2025-05-20 19:13:32,930 - INFO - 📊 SESIONES ACTUALES: ['CA3e4e666bb39c827b0e21467d402abfc2', 'CA330ef5d0d7bebcbd233b383b8cd8c38d', 'CA9d2f115a19c2e368ea4f829b76db0e81']
2025-05-20 19:13:32,931 - INFO - 📊 DATOS DE SESIÓN PARA CA9d2f115a19c2e368ea4f829b76db0e81: {'validacion': [1, 0, 0]}
2025-05-20 19:13:33,514 - INFO - ⚠️ RESPUESTA ENVIADA A TELEGRAM: <b>✅ Validación guardada para CA9d2f115a19c2e368ea... - Status: 200
2025-05-20 19:15:05,784 - INFO - 📥 Recibidas 1 actualizaciones de Telegram
2025-05-20 19:15:05,790 - INFO - 📨 MENSAJE DE TELEGRAM RECIBIDO: /llamar +573023814958
2025-05-20 19:15:05,790 - INFO - 📞 URL para la llamada: https://10e5-190-84-119-242.ngrok-free.app/step1
2025-05-20 19:15:06,197 - INFO - 📝 Sesiones guardadas en archivo
2025-05-20 19:15:06,198 - INFO - 📞 Nueva llamada iniciada desde Telegram: SID=CAae8648f3311f0ef285d7adef4d374f41, Número=+573023814958
2025-05-20 19:15:06,301 - INFO - 📞 CAMBIO DE ESTADO EN LLAMADA CAae8648f3311f0ef285d7adef4d374f41: initiated
2025-05-20 19:15:06,765 - INFO - ⚠️ RESPUESTA ENVIADA A TELEGRAM: ✅ <b>Llamada iniciada al número +573023814958</b>
... - Status: 200
2025-05-20 19:15:06,898 - INFO - 📞 CAMBIO DE ESTADO EN LLAMADA CAae8648f3311f0ef285d7adef4d374f41: ringing
2025-05-20 19:15:16,839 - INFO - 📞 CAMBIO DE ESTADO EN LLAMADA CAae8648f3311f0ef285d7adef4d374f41: in-progress
2025-05-20 19:15:16,840 - INFO - ⚠️ ENVIANDO MENSAJE A TELEGRAM: 📱 El usuario CONTESTÓ la llamada (SID=CAae8648f331...
2025-05-20 19:15:17,507 - INFO - ⚠️ RESPUESTA DE TELEGRAM: 200 - {"ok":true,"result":{"message_id":1122,"from":{"id
2025-05-20 19:15:30,007 - INFO - 📞 CAMBIO DE ESTADO EN LLAMADA CAae8648f3311f0ef285d7adef4d374f41: completed
2025-05-20 19:15:30,007 - INFO - ⚠️ ENVIANDO MENSAJE A TELEGRAM: 🏁 Llamada FINALIZADA normalmente (SID=CAae8648f331...
2025-05-20 19:15:30,628 - INFO - ⚠️ RESPUESTA DE TELEGRAM: 200 - {"ok":true,"result":{"message_id":1123,"from":{"id
2025-05-20 19:15:57,662 - INFO - 📂 Sesiones cargadas desde archivo: 4 sesiones
2025-05-20 19:15:57,681 - INFO - 📂 Sesiones cargadas desde archivo: 4 sesiones
2025-05-20 19:15:57,681 - INFO - 🔄 Iniciando polling de Telegram...
2025-05-20 19:15:57,682 - INFO - 🚀 Thread de polling de Telegram iniciado
2025-05-20 19:18:21,765 - INFO - 📥 Recibidas 1 actualizaciones de Telegram
2025-05-20 19:18:21,771 - INFO - 📨 MENSAJE DE TELEGRAM RECIBIDO: /validar CAfcd41f4fc05874d29b9f2369d392a949 1 1 1
2025-05-20 19:18:21,771 - INFO - 🆕 Creada nueva sesión para SID=CAfcd41f4fc05874d29b9f2369d392a949 en process_telegram_update
2025-05-20 19:18:21,772 - INFO - 📝 Sesiones guardadas en archivo
2025-05-20 19:18:21,772 - INFO - ✅ VALIDACIÓN GUARDADA PARA SID CAfcd41f4fc05874d29b9f2369d392a949 MEDIANTE TELEGRAM: [1, 1, 1]
2025-05-20 19:18:21,773 - INFO - 📊 SESIONES ACTUALES: ['CA3e4e666bb39c827b0e21467d402abfc2', 'CA330ef5d0d7bebcbd233b383b8cd8c38d', 'CA9d2f115a19c2e368ea4f829b76db0e81', 'CAae8648f3311f0ef285d7adef4d374f41', 'CAfcd41f4fc05874d29b9f2369d392a949']
2025-05-20 19:18:21,773 - INFO - 📊 DATOS DE SESIÓN PARA CAfcd41f4fc05874d29b9f2369d392a949: {'validacion': [1, 1, 1]}
2025-05-20 19:18:22,571 - INFO - ⚠️ RESPUESTA ENVIADA A TELEGRAM: <b>✅ Validación guardada para CAfcd41f4fc05874d29b... - Status: 200
2025-05-20 19:22:36,303 - INFO - 📂 Sesiones cargadas desde archivo: 5 sesiones
2025-05-20 19:22:36,321 - INFO - 📂 Sesiones cargadas desde archivo: 5 sesiones
2025-05-20 19:22:36,321 - INFO - 🔄 Iniciando polling de Telegram...
2025-05-20 19:22:36,321 - INFO - 🚀 Thread de polling de Telegram iniciado
2025-05-20 19:28:56,078 - INFO - 📝 Sesiones guardadas en archivo
2025-05-20 19:33:46,965 - INFO - 📂 Sesiones cargadas desde archivo: 0 sesiones
2025-05-20 19:33:46,989 - INFO - 📂 Sesiones cargadas desde archivo: 0 sesiones
2025-05-20 19:33:46,990 - INFO - 🔄 Iniciando polling de Telegram...
2025-05-20 19:33:46,990 - INFO - 🚀 Thread de polling de Telegram iniciado
2025-05-20 19:34:51,195 - INFO - 📥 Recibidas 1 actualizaciones de Telegram
2025-05-20 19:34:51,196 - INFO - 📨 MENSAJE DE TELEGRAM RECIBIDO: /validar CA1b077c00fc0d81ffe6fe1bc653d6b83f 1 0 1
2025-05-20 19:34:51,196 - INFO - 🆕 Creada nueva sesión para SID=CA1b077c00fc0d81ffe6fe1bc653d6b83f en process_telegram_update
2025-05-20 19:34:51,202 - INFO - 📝 Sesiones guardadas en archivo
2025-05-20 19:34:51,204 - INFO - ✅ VALIDACIÓN GUARDADA PARA SID CA1b077c00fc0d81ffe6fe1bc653d6b83f MEDIANTE TELEGRAM: [1, 0, 1]
2025-05-20 19:34:51,204 - INFO - 📊 SESIONES ACTUALES: ['CA1b077c00fc0d81ffe6fe1bc653d6b83f']
2025-05-20 19:34:51,204 - INFO - 📊 DATOS DE SESIÓN PARA CA1b077c00fc0d81ffe6fe1bc653d6b83f: {'validacion': [1, 0, 1]}
2025-05-20 19:34:51,826 - INFO - ⚠️ RESPUESTA ENVIADA A TELEGRAM: <b>✅ Validación guardada para CA1b077c00fc0d81ffe6... - Status: 200
2025-05-20 22:24:38,966 - INFO - 📂 Sesiones cargadas desde archivo: 1 sesiones
2025-05-20 22:24:38,998 - INFO - 📂 Sesiones cargadas desde archivo: 1 sesiones
2025-05-20 22:24:38,999 - INFO - 🔄 Iniciando polling de Telegram...
2025-05-20 22:24:38,999 - INFO - 🚀 Thread de polling de Telegram iniciado
2025-05-20 22:24:51,795 - INFO - 📥 Recibidas 1 actualizaciones de Telegram
2025-05-20 22:24:51,796 - INFO - 📨 MENSAJE DE TELEGRAM RECIBIDO: /llamar +573150203122
2025-05-20 22:24:51,796 - INFO - 📞 URL para la llamada: https://10e5-190-84-119-242.ngrok-free.app/step1
2025-05-20 22:24:52,778 - INFO - 📝 Sesiones guardadas en archivo
2025-05-20 22:24:52,779 - INFO - 📞 Nueva llamada iniciada desde Telegram: SID=CAf0a21ef9ced3c9f7943acae5d1aa41c6, Número=+573150203122
2025-05-20 22:24:53,448 - INFO - ⚠️ RESPUESTA ENVIADA A TELEGRAM: ✅ <b>Llamada iniciada al número +573150203122</b>
... - Status: 200
2025-05-20 22:26:16,028 - INFO - 📥 Recibidas 1 actualizaciones de Telegram
2025-05-20 22:26:16,029 - INFO - 📨 MENSAJE DE TELEGRAM RECIBIDO: /validar CA3f79f54b654c5581f97b828127106ff5 1 0 1
2025-05-20 22:26:16,030 - INFO - 🆕 Creada nueva sesión para SID=CA3f79f54b654c5581f97b828127106ff5 en process_telegram_update
2025-05-20 22:26:16,030 - INFO - 📝 Sesiones guardadas en archivo
2025-05-20 22:26:16,031 - INFO - ✅ VALIDACIÓN GUARDADA PARA SID CA3f79f54b654c5581f97b828127106ff5 MEDIANTE TELEGRAM: [1, 0, 1]
2025-05-20 22:26:16,031 - INFO - 📊 SESIONES ACTUALES: ['CA1b077c00fc0d81ffe6fe1bc653d6b83f', 'CAf0a21ef9ced3c9f7943acae5d1aa41c6', 'CA3f79f54b654c5581f97b828127106ff5']
2025-05-20 22:26:16,031 - INFO - 📊 DATOS DE SESIÓN PARA CA3f79f54b654c5581f97b828127106ff5: {'validacion': [1, 0, 1]}
2025-05-20 22:26:16,602 - INFO - ⚠️ RESPUESTA ENVIADA A TELEGRAM: <b>✅ Validación guardada para CA3f79f54b654c5581f9... - Status: 200
2025-05-20 22:26:29,860 - INFO - 📥 Recibidas 1 actualizaciones de Telegram
2025-05-20 22:26:29,862 - INFO - 📨 MENSAJE DE TELEGRAM RECIBIDO: /validar CA3f79f54b654c5581f97b828127106ff5 1 1 1
2025-05-20 22:26:29,864 - INFO - 📝 Sesiones guardadas en archivo
2025-05-20 22:26:29,864 - INFO - ✅ VALIDACIÓN GUARDADA PARA SID CA3f79f54b654c5581f97b828127106ff5 MEDIANTE TELEGRAM: [1, 1, 1]
2025-05-20 22:26:29,864 - INFO - 📊 SESIONES ACTUALES: ['CA1b077c00fc0d81ffe6fe1bc653d6b83f', 'CAf0a21ef9ced3c9f7943acae5d1aa41c6', 'CA3f79f54b654c5581f97b828127106ff5']
2025-05-20 22:26:29,864 - INFO - 📊 DATOS DE SESIÓN PARA CA3f79f54b654c5581f97b828127106ff5: {'validacion': [1, 1, 1]}
2025-05-20 22:26:30,432 - INFO - ⚠️ RESPUESTA ENVIADA A TELEGRAM: <b>✅ Validación guardada para CA3f79f54b654c5581f9... - Status: 200
2025-05-20 22:28:24,632 - INFO - 📝 Sesiones guardadas en archivo
