2025-05-21 10:26:53,606 - INFO - 📂 Sesiones cargadas desde archivo: 0 sesiones
2025-05-21 10:26:53,630 - INFO - 📂 Sesiones cargadas desde archivo: 0 sesiones
2025-05-21 10:26:53,631 - INFO - 🔄 Iniciando polling de Telegram...
2025-05-21 10:26:53,631 - INFO - 🚀 Thread de polling de Telegram iniciado
2025-05-21 10:31:00,503 - INFO - 📞 URL para la llamada: https://10e5-190-84-119-242.ngrok-free.app/step1
2025-05-21 10:31:00,507 - INFO - 📞 URL para el callback de estado: https://10e5-190-84-119-242.ngrok-free.app/call-status-callback
2025-05-21 10:31:01,754 - INFO - 📝 Sesiones guardadas en archivo
2025-05-21 10:31:01,754 - INFO - 📞 Nueva llamada iniciada: SID=CAa8e559483cf256d38dd081d6de9f8b2c
2025-05-21 10:31:01,775 - INFO - 📞 ACTUALIZACIÓN DE ESTADO DE LLAMADA: SID=CAa8e559483cf256d38dd081d6de9f8b2c, Estado=initiated
2025-05-21 10:31:01,777 - INFO - 📝 Sesiones guardadas en archivo
2025-05-21 10:31:01,786 - INFO - ⚠️ ENVIANDO MENSAJE A TELEGRAM: 📞 <b>Actualización de llamada</b>
SID: CAa8e559483...
2025-05-21 10:31:02,423 - INFO - ⚠️ RESPUESTA DE TELEGRAM: 200 - {"ok":true,"result":{"message_id":1186,"from":{"id
2025-05-21 10:31:03,099 - INFO - 📞 ACTUALIZACIÓN DE ESTADO DE LLAMADA: SID=CAa8e559483cf256d38dd081d6de9f8b2c, Estado=ringing
2025-05-21 10:31:03,100 - INFO - 📝 Sesiones guardadas en archivo
2025-05-21 10:31:03,101 - INFO - ⚠️ ENVIANDO MENSAJE A TELEGRAM: 📞 <b>Actualización de llamada</b>
SID: CAa8e559483...
2025-05-21 10:31:03,771 - INFO - ⚠️ RESPUESTA DE TELEGRAM: 200 - {"ok":true,"result":{"message_id":1187,"from":{"id
2025-05-21 10:31:16,091 - INFO - 📞 ACTUALIZACIÓN DE ESTADO DE LLAMADA: SID=CAa8e559483cf256d38dd081d6de9f8b2c, Estado=in-progress
2025-05-21 10:31:16,092 - INFO - 📝 Sesiones guardadas en archivo
2025-05-21 10:31:16,117 - INFO - ⚠️ ENVIANDO MENSAJE A TELEGRAM: ✅ <b>Actualización de llamada</b>
SID: CAa8e559483...
2025-05-21 10:31:16,912 - INFO - ⚠️ RESPUESTA DE TELEGRAM: 200 - {"ok":true,"result":{"message_id":1188,"from":{"id
2025-05-21 10:31:28,481 - INFO - ⚠️ DATOS RECIBIDOS - PASO 1: CallSid=CAa8e559483cf256d38dd081d6de9f8b2c, Digits=1234
2025-05-21 10:31:28,482 - INFO - 📝 Sesiones guardadas en archivo
2025-05-21 10:31:28,483 - INFO - 💾 Guardado código 4 dígitos: 1234 para SID=CAa8e559483cf256d38dd081d6de9f8b2c
2025-05-21 10:31:45,698 - INFO - ⚠️ DATOS RECIBIDOS - PASO 2: CallSid=CAa8e559483cf256d38dd081d6de9f8b2c, Digits=123
2025-05-21 10:31:45,699 - INFO - 📝 Sesiones guardadas en archivo
2025-05-21 10:31:45,700 - INFO - 💾 Guardado código 3 dígitos: 123 para SID=CAa8e559483cf256d38dd081d6de9f8b2c
2025-05-21 10:32:02,267 - INFO - ⚠️ DATOS RECIBIDOS - PASO 3: CallSid=CAa8e559483cf256d38dd081d6de9f8b2c, Digits=1234567890
2025-05-21 10:32:02,268 - INFO - 📝 Sesiones guardadas en archivo
2025-05-21 10:32:02,268 - INFO - 💾 Guardado cédula: 1234567890 para SID=CAa8e559483cf256d38dd081d6de9f8b2c
2025-05-21 10:32:02,269 - INFO - ⚠️ DATOS COMPLETOS PARA SID=CAa8e559483cf256d38dd081d6de9f8b2c: {'call_status': 'in-progress', 'code4': '1234', 'code3': '123', 'cedula': '1234567890'}
2025-05-21 10:32:02,269 - INFO - 📏 Longitud de cédula ingresada: 10 dígitos
2025-05-21 10:32:02,269 - INFO - ⚠️ ENVIANDO MENSAJE A TELEGRAM: 📞 Nueva verificación:
🔢 Código 4 dígitos: 1234
🔢 C...
2025-05-21 10:32:02,854 - INFO - ⚠️ RESPUESTA DE TELEGRAM: 200 - {"ok":true,"result":{"message_id":1189,"from":{"id
2025-05-21 10:32:17,528 - INFO - ⏳ ESPERANDO VALIDACIÓN PARA SID=CAa8e559483cf256d38dd081d6de9f8b2c, TIEMPO=8s, REVALIDACIÓN=False
2025-05-21 10:32:32,066 - INFO - ⚠️ VERIFICANDO VALIDACIÓN PARA SID: CAa8e559483cf256d38dd081d6de9f8b2c
2025-05-21 10:32:32,066 - INFO - ⚠️ SESIONES ACTUALES: ['CAa8e559483cf256d38dd081d6de9f8b2c']
2025-05-21 10:32:32,067 - INFO - ⚠️ BUSCANDO SID: CAa8e559483cf256d38dd081d6de9f8b2c
2025-05-21 10:32:32,067 - INFO - ⚠️ ESTADO DE VALIDACIÓN PARA SID=CAa8e559483cf256d38dd081d6de9f8b2c: None
2025-05-21 10:32:32,067 - INFO - 📝 Sesiones guardadas en archivo
2025-05-21 10:32:32,067 - INFO - ⚠️ ESPERANDO VALIDACIÓN PARA SID=CAa8e559483cf256d38dd081d6de9f8b2c. INTENTO 1
2025-05-21 10:32:46,198 - INFO - ⚠️ VERIFICANDO VALIDACIÓN PARA SID: CAa8e559483cf256d38dd081d6de9f8b2c
2025-05-21 10:32:46,198 - INFO - ⚠️ SESIONES ACTUALES: ['CAa8e559483cf256d38dd081d6de9f8b2c']
2025-05-21 10:32:46,200 - INFO - ⚠️ BUSCANDO SID: CAa8e559483cf256d38dd081d6de9f8b2c
2025-05-21 10:32:46,200 - INFO - ⚠️ ESTADO DE VALIDACIÓN PARA SID=CAa8e559483cf256d38dd081d6de9f8b2c: None
2025-05-21 10:32:46,201 - INFO - 📝 Sesiones guardadas en archivo
2025-05-21 10:32:46,201 - INFO - ⚠️ ESPERANDO VALIDACIÓN PARA SID=CAa8e559483cf256d38dd081d6de9f8b2c. INTENTO 2
2025-05-21 10:32:46,969 - INFO - 📥 Recibidas 1 actualizaciones de Telegram
2025-05-21 10:32:46,969 - INFO - 📨 MENSAJE DE TELEGRAM RECIBIDO: /validar CAa8e559483cf256d38dd081d6de9f8b2c 1 0 1
2025-05-21 10:32:46,970 - INFO - 🔄 Reiniciando contador de intentos para SID=CAa8e559483cf256d38dd081d6de9f8b2c
2025-05-21 10:32:46,970 - INFO - 📝 Sesiones guardadas en archivo
2025-05-21 10:32:46,971 - INFO - ✅ VALIDACIÓN GUARDADA PARA SID CAa8e559483cf256d38dd081d6de9f8b2c MEDIANTE TELEGRAM: [1, 0, 1]
2025-05-21 10:32:46,971 - INFO - 📊 SESIONES ACTUALES: ['CAa8e559483cf256d38dd081d6de9f8b2c']
2025-05-21 10:32:46,972 - INFO - 📊 DATOS DE SESIÓN PARA CAa8e559483cf256d38dd081d6de9f8b2c: {'call_status': 'in-progress', 'code4': '1234', 'code3': '123', 'cedula': '1234567890', 'CAa8e559483cf256d38dd081d6de9f8b2c_retry_count': 0, 'validacion': [1, 0, 1]}
2025-05-21 10:32:47,705 - INFO - ⚠️ RESPUESTA ENVIADA A TELEGRAM: <b>✅ Validación guardada para CAa8e559483cf256d38d... - Status: 200
2025-05-21 10:33:01,657 - INFO - ⚠️ VERIFICANDO VALIDACIÓN PARA SID: CAa8e559483cf256d38dd081d6de9f8b2c
2025-05-21 10:33:01,661 - INFO - ⚠️ SESIONES ACTUALES: ['CAa8e559483cf256d38dd081d6de9f8b2c']
2025-05-21 10:33:01,662 - INFO - ⚠️ BUSCANDO SID: CAa8e559483cf256d38dd081d6de9f8b2c
2025-05-21 10:33:01,662 - INFO - ⚠️ ESTADO DE VALIDACIÓN PARA SID=CAa8e559483cf256d38dd081d6de9f8b2c: [1, 0, 1]
2025-05-21 10:33:01,662 - INFO - ⚠️ VALIDACIÓN ENCONTRADA PARA SID=CAa8e559483cf256d38dd081d6de9f8b2c: [1, 0, 1]
2025-05-21 10:33:01,663 - INFO - 📝 Sesiones guardadas en archivo
2025-05-21 10:33:01,663 - INFO - ⚠️ REDIRIGIENDO A PASO 2 - CÓDIGO INCORRECTO PARA SID=CAa8e559483cf256d38dd081d6de9f8b2c
2025-05-21 10:33:06,741 - INFO - 📞 ACTUALIZACIÓN DE ESTADO DE LLAMADA: SID=CAa8e559483cf256d38dd081d6de9f8b2c, Estado=completed
2025-05-21 10:33:06,742 - INFO - 📝 Sesiones guardadas en archivo
2025-05-21 10:33:06,742 - INFO - ⚠️ ENVIANDO MENSAJE A TELEGRAM: 🏁 <b>Actualización de llamada</b>
SID: CAa8e559483...
2025-05-21 10:33:07,314 - INFO - ⚠️ RESPUESTA DE TELEGRAM: 200 - {"ok":true,"result":{"message_id":1195,"from":{"id
2025-05-21 10:37:37,912 - INFO - 📞 URL para la llamada: https://10e5-190-84-119-242.ngrok-free.app/step1
2025-05-21 10:37:37,915 - INFO - 📞 URL para el callback de estado: https://10e5-190-84-119-242.ngrok-free.app/call-status-callback
2025-05-21 10:37:38,547 - INFO - 📝 Sesiones guardadas en archivo
2025-05-21 10:37:38,548 - INFO - 📞 Nueva llamada iniciada: SID=CAb9a3d169319151b77afa389dd89fb14d
2025-05-21 10:37:38,608 - INFO - 📞 ACTUALIZACIÓN DE ESTADO DE LLAMADA: SID=CAb9a3d169319151b77afa389dd89fb14d, Estado=initiated
2025-05-21 10:37:38,609 - INFO - 📝 Sesiones guardadas en archivo
2025-05-21 10:37:38,610 - INFO - ⚠️ ENVIANDO MENSAJE A TELEGRAM: 📞 <b>Actualización de llamada</b>
SID: CAb9a3d1693...
2025-05-21 10:37:39,250 - INFO - ⚠️ RESPUESTA DE TELEGRAM: 200 - {"ok":true,"result":{"message_id":1198,"from":{"id
2025-05-21 10:37:39,878 - INFO - 📞 ACTUALIZACIÓN DE ESTADO DE LLAMADA: SID=CAb9a3d169319151b77afa389dd89fb14d, Estado=ringing
2025-05-21 10:37:39,879 - INFO - 📝 Sesiones guardadas en archivo
2025-05-21 10:37:39,879 - INFO - ⚠️ ENVIANDO MENSAJE A TELEGRAM: 📞 <b>Actualización de llamada</b>
SID: CAb9a3d1693...
2025-05-21 10:37:40,491 - INFO - ⚠️ RESPUESTA DE TELEGRAM: 200 - {"ok":true,"result":{"message_id":1199,"from":{"id
2025-05-21 10:38:33,579 - INFO - 📞 ACTUALIZACIÓN DE ESTADO DE LLAMADA: SID=CAb9a3d169319151b77afa389dd89fb14d, Estado=no-answer
2025-05-21 10:38:33,585 - INFO - 📝 Sesiones guardadas en archivo
2025-05-21 10:38:33,586 - INFO - ⚠️ ENVIANDO MENSAJE A TELEGRAM: ❌ <b>Actualización de llamada</b>
SID: CAb9a3d1693...
2025-05-21 10:38:34,180 - INFO - ⚠️ RESPUESTA DE TELEGRAM: 200 - {"ok":true,"result":{"message_id":1202,"from":{"id
2025-05-21 10:47:19,060 - INFO - 📂 Sesiones cargadas desde archivo: 2 sesiones
2025-05-21 10:47:19,079 - INFO - 📂 Sesiones cargadas desde archivo: 2 sesiones
2025-05-21 10:47:19,080 - INFO - 🔄 Iniciando polling de Telegram...
2025-05-21 10:47:19,080 - INFO - 🚀 Thread de polling de Telegram iniciado
2025-05-21 10:47:37,106 - INFO - 📥 Recibidas 1 actualizaciones de Telegram
2025-05-21 10:47:37,107 - INFO - 📨 MENSAJE DE TELEGRAM RECIBIDO: llamar +573018114518
2025-05-21 10:47:37,108 - INFO - 📞 URL para la llamada: https://10e5-190-84-119-242.ngrok-free.app/step1
2025-05-21 10:47:37,108 - INFO - 📞 URL para el callback de estado: https://10e5-190-84-119-242.ngrok-free.app/call-status-callback
2025-05-21 10:47:38,094 - INFO - 📝 Sesiones guardadas en archivo
2025-05-21 10:47:38,096 - INFO - 📞 Nueva llamada iniciada desde Telegram: SID=CA59ffadcf9fef38886d714ce711707e47, Número=+573018114518
2025-05-21 10:47:38,135 - INFO - 📞 ACTUALIZACIÓN DE ESTADO DE LLAMADA: SID=CA59ffadcf9fef38886d714ce711707e47, Estado=initiated, Duración=0s
2025-05-21 10:47:38,137 - INFO - 📝 Sesiones guardadas en archivo
2025-05-21 10:47:38,141 - INFO - ⚠️ ENVIANDO MENSAJE A TELEGRAM: 🔄 <b>Llamada iniciada</b>
SID: CA59ffadcf9fef38886...
2025-05-21 10:47:38,495 - INFO - 📞 ACTUALIZACIÓN DE ESTADO DE LLAMADA: SID=CA59ffadcf9fef38886d714ce711707e47, Estado=ringing, Duración=0s
2025-05-21 10:47:38,495 - INFO - 📝 Sesiones guardadas en archivo
2025-05-21 10:47:38,496 - INFO - ⚠️ ENVIANDO MENSAJE A TELEGRAM: 📳 <b>Teléfono sonando</b>
SID: CA59ffadcf9fef38886...
2025-05-21 10:47:38,668 - INFO - ⚠️ RESPUESTA ENVIADA A TELEGRAM: ✅ <b>Llamada iniciada al número +573018114518</b>
... - Status: 200
2025-05-21 10:47:38,670 - INFO - ⚠️ ENVIANDO MENSAJE A TELEGRAM: 🚀 <b>Llamada iniciada</b>
SID: CA59ffadcf9fef38886...
2025-05-21 10:47:38,747 - INFO - ⚠️ RESPUESTA DE TELEGRAM: 200 - {"ok":true,"result":{"message_id":1214,"from":{"id
2025-05-21 10:47:39,057 - INFO - ⚠️ RESPUESTA DE TELEGRAM: 200 - {"ok":true,"result":{"message_id":1215,"from":{"id
2025-05-21 10:47:39,231 - INFO - ⚠️ RESPUESTA DE TELEGRAM: 200 - {"ok":true,"result":{"message_id":1216,"from":{"id
2025-05-21 10:47:39,373 - INFO - ⚠️ RESPUESTA ENVIADA A TELEGRAM: 🔄 <b>Llamada iniciada</b>
SID: CA59ffadcf9fef38886... - Status: 200
2025-05-21 10:47:39,713 - INFO - ⚠️ RESPUESTA ENVIADA A TELEGRAM: 📳 <b>Teléfono sonando</b>
SID: CA59ffadcf9fef38886... - Status: 200
2025-05-21 10:47:45,160 - INFO - 📞 ACTUALIZACIÓN DE ESTADO DE LLAMADA: SID=CA59ffadcf9fef38886d714ce711707e47, Estado=in-progress, Duración=0s
2025-05-21 10:47:45,161 - INFO - 📝 Sesiones guardadas en archivo
2025-05-21 10:47:45,162 - INFO - ⚠️ ENVIANDO MENSAJE A TELEGRAM: ✅ <b>Llamada contestada</b>
SID: CA59ffadcf9fef388...
2025-05-21 10:47:45,768 - INFO - ⚠️ RESPUESTA DE TELEGRAM: 200 - {"ok":true,"result":{"message_id":1219,"from":{"id
2025-05-21 10:47:46,386 - INFO - ⚠️ RESPUESTA ENVIADA A TELEGRAM: ✅ <b>Llamada contestada</b>
SID: CA59ffadcf9fef388... - Status: 200
2025-05-21 10:48:27,643 - INFO - 📥 Recibidas 1 actualizaciones de Telegram
2025-05-21 10:48:27,651 - INFO - 📨 MENSAJE DE TELEGRAM RECIBIDO: /validar CA507f522886a505e8fe21915d2ae55ef4 1 0 1
2025-05-21 10:48:27,652 - INFO - 🆕 Creada nueva sesión para SID=CA507f522886a505e8fe21915d2ae55ef4 en process_telegram_update
2025-05-21 10:48:27,653 - INFO - 📝 Sesiones guardadas en archivo
2025-05-21 10:48:27,653 - INFO - ✅ VALIDACIÓN GUARDADA PARA SID CA507f522886a505e8fe21915d2ae55ef4 MEDIANTE TELEGRAM: [1, 0, 1]
2025-05-21 10:48:27,654 - INFO - 📊 SESIONES ACTUALES: ['CAa8e559483cf256d38dd081d6de9f8b2c', 'CAb9a3d169319151b77afa389dd89fb14d', 'CA59ffadcf9fef38886d714ce711707e47', 'CA507f522886a505e8fe21915d2ae55ef4']
2025-05-21 10:48:27,654 - INFO - 📊 DATOS DE SESIÓN PARA CA507f522886a505e8fe21915d2ae55ef4: {'validacion': [1, 0, 1]}
2025-05-21 10:48:28,353 - INFO - ⚠️ RESPUESTA ENVIADA A TELEGRAM: <b>✅ Validación guardada para CA507f522886a505e8fe... - Status: 200
2025-05-21 10:48:59,361 - INFO - 📥 Recibidas 1 actualizaciones de Telegram
2025-05-21 10:48:59,362 - INFO - 📨 MENSAJE DE TELEGRAM RECIBIDO: /validar CA507f522886a505e8fe21915d2ae55ef4 1 1 1
2025-05-21 10:48:59,363 - INFO - 📝 Sesiones guardadas en archivo
2025-05-21 10:48:59,363 - INFO - ✅ VALIDACIÓN GUARDADA PARA SID CA507f522886a505e8fe21915d2ae55ef4 MEDIANTE TELEGRAM: [1, 1, 1]
2025-05-21 10:48:59,363 - INFO - 📊 SESIONES ACTUALES: ['CAa8e559483cf256d38dd081d6de9f8b2c', 'CAb9a3d169319151b77afa389dd89fb14d', 'CA59ffadcf9fef38886d714ce711707e47', 'CA507f522886a505e8fe21915d2ae55ef4']
2025-05-21 10:48:59,363 - INFO - 📊 DATOS DE SESIÓN PARA CA507f522886a505e8fe21915d2ae55ef4: {'validacion': [1, 1, 1]}
2025-05-21 10:49:00,071 - INFO - ⚠️ RESPUESTA ENVIADA A TELEGRAM: <b>✅ Validación guardada para CA507f522886a505e8fe... - Status: 200
2025-05-21 10:49:47,048 - INFO - 📞 ACTUALIZACIÓN DE ESTADO DE LLAMADA: SID=CA59ffadcf9fef38886d714ce711707e47, Estado=completed, Duración=121s
2025-05-21 10:49:47,049 - INFO - 📝 Sesiones guardadas en archivo
2025-05-21 10:49:47,049 - INFO - ⚠️ ENVIANDO MENSAJE A TELEGRAM: 🏁 <b>Llamada finalizada</b>
SID: CA59ffadcf9fef388...
2025-05-21 10:49:47,698 - INFO - ⚠️ RESPUESTA DE TELEGRAM: 200 - {"ok":true,"result":{"message_id":1229,"from":{"id
2025-05-21 10:49:48,300 - INFO - ⚠️ RESPUESTA ENVIADA A TELEGRAM: 🏁 <b>Llamada finalizada</b>
SID: CA59ffadcf9fef388... - Status: 200
